=== アカデミー賞 作品賞 評価スクレイピング開始 ===
[2025年] ワン・バトル・アフター・アナザー のデータを取得中...
  -> Filmarks: 4.0, 映画.com: 3.8
[2024年] ANORA アノーラ のデータを取得中...
  -> Filmarks: 3.8, 映画.com: 3.7
[2023年] オッペンハイマー のデータを取得中...
  -> Filmarks: 3.9, 映画.com: 3.7
[2022年] エブリシング・エブリウェア・オール・アット・ワンス のデータを取得中...
  -> Filmarks: 3.7, 映画.com: 3.1
[2021年] コーダ あいのうた のデータを取得中...
  -> Filmarks: 4.2, 映画.com: 4.2
[2020年] ノマドランド のデータを取得中...
  -> Filmarks: 3.8, 映画.com: 3.7
[2019年] パラサイト 半地下の家族 のデータを取得中...
  -> Filmarks: 4.0, 映画.com: 3.8
[2018年] グリーンブック のデータを取得中...
  -> Filmarks: 4.2, 映画.com: 4.3
[2017年] シェイプ・オブ・ウォーター のデータを取得中...
  -> Filmarks: 3.8, 映画.com: 3.6
[2016年] ムーンライト のデータを取得中...
  -> Filmarks: 2.6, 映画.com: 3.4
[2015年] スポットライト 世紀のスクープ のデータを取得中...
  -> Filmarks: 3.8, 映画.com: 3.8
[2014年] バードマン あるいは（無知がもたらす予期せぬ奇跡） のデータを取得中...
  -> Filmarks: 3.6, 映画.com: 3.5
[2013年] それでも夜は明ける のデータを取得中...
  -> Filmarks: 3.8, 映画.com: 3.8
[2012年] アルゴ のデータを取得中...
  -> Filmarks: 3.6, 映画.com: 3.9
[2011年] アーティスト のデータを取得中...
  -> Filmarks: 1.6, 映画.com: 3.8
[2010年] 英国王のスピーチ のデータを取得中...
  -> Filmarks: 3.7, 映画.com: 3.8
[2009年] ハート・ロッカー のデータを取得中...
  -> Filmarks: 3.6, 映画.com: 3.7
[2008年] スラムドッグ$ミリオネア のデータを取得中...
  -> Filmarks: 3.8, 映画.com: 4.0
[2007年] ノーカントリー のデータを取得中...
  -> Filmarks: 3.8, 映画.com: 3.7
[2006年] ディパーテッド のデータを取得中...
  -> Filmarks: 3.8, 映画.com: 3.8
[2005年] クラッシュ のデータを取得中...
  -> Filmarks: 3.8, 映画.com: 3.7
[2004年] ミリオンダラー・ベイビー のデータを取得中...
  -> Filmarks: 3.8, 映画.com: 3.8
[2003年] ロード・オブ・ザ・リング/王の帰還 のデータを取得中...
Eiga error for ロード・オブ・ザ・リング/王の帰還: HTTP Error 404: Not Found
  -> Filmarks: 4.0, 映画.com: -.-
[2002年] シカゴ のデータを取得中...
  -> Filmarks: 3.4, 映画.com: 3.4
[2001年] ビューティフル・マインド のデータを取得中...
  -> Filmarks: 3.9, 映画.com: 3.9
[2000年] グラディエーター のデータを取得中...
  -> Filmarks: 3.6, 映画.com: 3.7
[1999年] アメリカン・ビューティー のデータを取得中...
  -> Filmarks: 3.7, 映画.com: 3.8
[1998年] 恋におちたシェイクスピア のデータを取得中...
  -> Filmarks: 3.6, 映画.com: 3.8
[1997年] タイタニック のデータを取得中...
  -> Filmarks: 4.2, 映画.com: 4.4
[1996年] イングリッシュ・ペイシェント のデータを取得中...
  -> Filmarks: 3.5, 映画.com: 3.5
[1995年] ブレイブハート のデータを取得中...
  -> Filmarks: 3.8, 映画.com: 4.2
[1994年] フォレスト・ガンプ/一期一会 のデータを取得中...
Eiga error for フォレスト・ガンプ/一期一会: HTTP Error 404: Not Found
  -> Filmarks: 4.1, 映画.com: -.-
[1993年] シンドラーのリスト のデータを取得中...
  -> Filmarks: 4.2, 映画.com: 4.3
[1992年] 許されざる者 のデータを取得中...
  -> Filmarks: 3.8, 映画.com: 3.9
[1991年] 羊たちの沈黙 のデータを取得中...
  -> Filmarks: 4.0, 映画.com: 4.1
[1990年] ダンス・ウィズ・ウルブズ のデータを取得中...
  -> Filmarks: 3.8, 映画.com: 3.8
[1989年] ドライビング Miss デイジー のデータを取得中...
  -> Filmarks: 3.3, 映画.com: 4.0
[1988年] レインマン のデータを取得中...
  -> Filmarks: 3.9, 映画.com: 3.8
[1987年] ラストエンペラー のデータを取得中...
  -> Filmarks: 4.2, 映画.com: 4.0
[1986年] プラトーン のデータを取得中...
  -> Filmarks: 3.7, 映画.com: 4.0
[1985年] 愛と哀しみの果て のデータを取得中...
  -> Filmarks: 3.5, 映画.com: 3.5
[1984年] アマデウス のデータを取得中...
  -> Filmarks: 4.0, 映画.com: 4.3
[1983年] 愛と追憶の日々 のデータを取得中...
  -> Filmarks: 3.6, 映画.com: 3.3
[1982年] ガンジー のデータを取得中...
  -> Filmarks: 3.2, 映画.com: 4.1
[1981年] 炎のランナー のデータを取得中...
  -> Filmarks: 3.5, 映画.com: 3.7
[1980年] 普通の人々 のデータを取得中...
  -> Filmarks: 3.5, 映画.com: 3.8
[1979年] クレイマー、クレイマー のデータを取得中...
  -> Filmarks: 3.9, 映画.com: 4.0
[1978年] ディア・ハンター のデータを取得中...
  -> Filmarks: 4.0, 映画.com: 3.9
[1977年] アニー・ホール のデータを取得中...
  -> Filmarks: 3.7, 映画.com: 3.5
[1976年] ロッキー のデータを取得中...
  -> Filmarks: 3.2, 映画.com: 4.0
[1975年] カッコーの巣の上で のデータを取得中...
  -> Filmarks: 4.0, 映画.com: 4.0
[1974年] ゴッドファーザー PART II のデータを取得中...
  -> Filmarks: 4.2, 映画.com: 4.3
[1973年] スティング のデータを取得中...
  -> Filmarks: 4.1, 映画.com: 4.4
[1972年] ゴッドファーザー のデータを取得中...
  -> Filmarks: 4.0, 映画.com: 4.3
[1971年] フレンチ・コネクション のデータを取得中...
  -> Filmarks: 3.5, 映画.com: 3.8
[1970年] パットン大戦車軍団 のデータを取得中...
  -> Filmarks: 3.6, 映画.com: 3.9
[1969年] 真夜中のカーボーイ のデータを取得中...
  -> Filmarks: 3.9, 映画.com: 3.7
[1968年] オリバー! のデータを取得中...
  -> Filmarks: 3.5, 映画.com: 2.9
[1967年] 夜の大捜査線 のデータを取得中...
  -> Filmarks: 3.7, 映画.com: 3.8
[1966年] わが命つきるとも のデータを取得中...
  -> Filmarks: 3.5, 映画.com: 3.8
[1965年] サウンド・オブ・ミュージック のデータを取得中...
  -> Filmarks: 4.0, 映画.com: 4.4
[1964年] マイ・フェア・レディ のデータを取得中...
  -> Filmarks: 3.7, 映画.com: 3.9
[1963年] トム・ジョーンズの華麗な冒険 のデータを取得中...
  -> Filmarks: 3.3, 映画.com: 4.0
[1962年] アラビアのロレンス のデータを取得中...
  -> Filmarks: 3.9, 映画.com: 4.3
[1961年] ウエスト・サイド物語 のデータを取得中...
  -> Filmarks: 3.7, 映画.com: 3.6
[1960年] アパートの鍵貸します のデータを取得中...
  -> Filmarks: 4.0, 映画.com: 4.0
[1959年] ベン・ハー のデータを取得中...
  -> Filmarks: 3.3, 映画.com: 4.2
[1958年] 恋の手ほどき のデータを取得中...
  -> Filmarks: 3.4, 映画.com: 3.7
[1957年] 戦場にかける橋 のデータを取得中...
  -> Filmarks: 2.8, 映画.com: 4.0
[1956年] 80日間世界一周 のデータを取得中...
  -> Filmarks: 3.4, 映画.com: -.-
[1955年] マーティ のデータを取得中...
  -> Filmarks: 3.0, 映画.com: 3.5
[1954年] 波止場 のデータを取得中...
  -> Filmarks: 3.8, 映画.com: 3.6
[1953年] 地上より永遠に のデータを取得中...
  -> Filmarks: 3.5, 映画.com: 3.4
[1952年] 地上最大のショウ のデータを取得中...
  -> Filmarks: 3.5, 映画.com: 3.7
[1951年] 巴里のアメリカ人 のデータを取得中...
  -> Filmarks: 3.7, 映画.com: 3.5
[1950年] イヴの総て のデータを取得中...
  -> Filmarks: 3.9, 映画.com: 4.1
[1949年] オール・ザ・キングスメン のデータを取得中...
  -> Filmarks: 3.6, 映画.com: 3.4
[1948年] ハムレット のデータを取得中...
  -> Filmarks: 3.6, 映画.com: 3.5
[1947年] 紳士協定 のデータを取得中...
  -> Filmarks: 3.7, 映画.com: 3.5
[1946年] 我等の生涯の最良の年 のデータを取得中...
  -> Filmarks: 3.9, 映画.com: 4.1
[1945年] 失われた週末 のデータを取得中...
  -> Filmarks: 3.7, 映画.com: 3.9
[1944年] 我が道を往く のデータを取得中...
  -> Filmarks: 3.7, 映画.com: 3.5
[1943年] カサブランカ のデータを取得中...
  -> Filmarks: 3.3, 映画.com: 4.0
[1942年] ミニヴァー夫人 のデータを取得中...
  -> Filmarks: 3.5, 映画.com: 3.2
[1941年] わが谷は緑なりき のデータを取得中...
  -> Filmarks: 3.9, 映画.com: 4.1
[1940年] レベッカ のデータを取得中...
  -> Filmarks: 2.7, 映画.com: 3.9
[1939年] 風と共に去りぬ のデータを取得中...
  -> Filmarks: 3.4, 映画.com: 4.0
[1938年] 我が家の楽園 のデータを取得中...
  -> Filmarks: 3.8, 映画.com: 4.3
[1937年] ゾラの生涯 のデータを取得中...
  -> Filmarks: 3.7, 映画.com: 3.7
[1936年] 巨星ジーグフェルド のデータを取得中...
  -> Filmarks: 3.5, 映画.com: 4.1
[1935年] 戦艦バウンティ号の叛乱 のデータを取得中...
  -> Filmarks: 3.4, 映画.com: 3.2
[1934年] 或る夜の出来事 のデータを取得中...
  -> Filmarks: 4.0, 映画.com: 4.3
[1933年] カヴァルケード のデータを取得中...
  -> Filmarks: 3.2, 映画.com: -.-
[1932年] グランド・ホテル のデータを取得中...
  -> Filmarks: 3.0, 映画.com: 3.4
[1931年] シマロン のデータを取得中...
  -> Filmarks: 2.9, 映画.com: 3.2
[1930年] 西部戦線異状なし のデータを取得中...
  -> Filmarks: 3.7, 映画.com: 3.8
[1929年] ブロードウェイ・メロディー のデータを取得中...
  -> Filmarks: 3.0, 映画.com: 3.0
[1927年] つばさ のデータを取得中...
  -> Filmarks: 3.3, 映画.com: 3.5
=== 完了しました！ academy_data.js が完全に更新されました ===
