=== ゴールデングローブ賞 評価スクレイピング開始 ===
[2026年] ハムネット のデータを取得中...
  -> Filmarks: 4.0, 映画.com: 3.9
[2025年] ブルータリスト のデータを取得中...
  -> Filmarks: 3.9, 映画.com: 3.5
[2024年] オッペンハイマー のデータを取得中...
  -> Filmarks: 3.9, 映画.com: 3.7
[2023年] フェイブルマンズ のデータを取得中...
  -> Filmarks: 3.9, 映画.com: 3.7
[2022年] パワー・オブ・ザ・ドッグ のデータを取得中...
  -> Filmarks: 3.8, 映画.com: 3.6
[2021年] ノマドランド のデータを取得中...
  -> Filmarks: 3.8, 映画.com: 3.7
[2020年] 1917 命をかけた伝令 のデータを取得中...
  -> Filmarks: 4.0, 映画.com: 3.9
[2019年] ボヘミアン・ラプソディ のデータを取得中...
  -> Filmarks: 4.2, 映画.com: 4.2
[2018年] スリー・ビルボード のデータを取得中...
  -> Filmarks: 4.0, 映画.com: 3.9
[2017年] ムーンライト のデータを取得中...
  -> Filmarks: 2.6, 映画.com: 3.4
[2016年] レヴェナント：蘇えりし者 のデータを取得中...
  -> Filmarks: 3.8, 映画.com: 3.7
[2015年] 6才のボクが、大人になるまで。 のデータを取得中...
  -> Filmarks: 3.6, 映画.com: 3.8
[2014年] それでも夜は明ける のデータを取得中...
  -> Filmarks: 3.8, 映画.com: 3.8
[2013年] アルゴ のデータを取得中...
  -> Filmarks: 3.6, 映画.com: 3.9
[2012年] ファミリー・ツリー のデータを取得中...
  -> Filmarks: 3.6, 映画.com: 3.7
[2011年] ソーシャル・ネットワーク のデータを取得中...
  -> Filmarks: 3.6, 映画.com: 3.7
[2010年] アバター のデータを取得中...
  -> Filmarks: 3.6, 映画.com: 3.8
[2009年] スラムドッグ$ミリオネア のデータを取得中...
  -> Filmarks: 3.8, 映画.com: 4.0
[2008年] つぐない のデータを取得中...
  -> Filmarks: 3.0, 映画.com: 3.8
[2007年] バベル のデータを取得中...
  -> Filmarks: 3.8, 映画.com: 3.3
[2006年] ブロークバック・マウンテン のデータを取得中...
  -> Filmarks: 3.8, 映画.com: 3.9
[2005年] アビエイター のデータを取得中...
  -> Filmarks: 3.4, 映画.com: 3.5
=== 完了しました！ golden_globe_data.js が完全に更新されました ===
